<?xml version="1.0" encoding="UTF-8"?>
<!-- Generated by org.testng.reporters.JUnitReportReporter -->
<testsuite hostname="Deepak" failures="0" tests="4" name="tests.AdactinTest" time="14.131" errors="0" timestamp="2025-09-10T19:11:32 IST" skipped="0">
  <testcase classname="tests.AdactinTest" name="logincreds" time="2.510"/>
  <testcase classname="tests.AdactinTest" name="logoutSuccessfully" time="0.709"/>
  <testcase classname="tests.AdactinTest" name="bookingpagedetails" time="2.463"/>
  <testcase classname="tests.AdactinTest" name="confirmbookingpage" time="8.449"/>
</testsuite> <!-- tests.AdactinTest -->
