<?xml version="1.0" encoding="UTF-8"?>
<!-- Generated by org.testng.reporters.JUnitReportReporter -->
<testsuite hostname="Deepak" failures="0" tests="1" name="tests.AdactinTest" time="12.819" errors="0" timestamp="2025-09-03T12:12:57 IST" skipped="0">
  <testcase classname="tests.AdactinTest" name="bookHotelTest" time="12.819"/>
</testsuite> <!-- tests.AdactinTest -->
