<?xml version="1.0" encoding="UTF-8"?>
<!-- Generated by org.testng.reporters.JUnitReportReporter -->
<testsuite hostname="Deepak" failures="0" tests="4" name="tests.AdactinTest" time="14.641" errors="0" timestamp="2025-09-10T17:39:27 IST" skipped="0">
  <testcase classname="tests.AdactinTest" name="logoutSuccessfully" time="0.714"/>
  <testcase classname="tests.AdactinTest" name="bookingpagedetails" time="2.581"/>
  <testcase classname="tests.AdactinTest" name="logincreds" time="1.993"/>
  <testcase classname="tests.AdactinTest" name="confirmbookingpage" time="9.353"/>
</testsuite> <!-- tests.AdactinTest -->
